<?xml version="1.0" encoding="UTF-8"?>
<!-- Generated by org.testng.reporters.JUnitReportReporter -->
<testsuite hostname="DESKTOP-I0292P0" failures="0" tests="2" name="com.itg.training.lancome.FirstSeleniumTest" time="3.572" errors="0" timestamp="2025-10-20T14:02:32 PDT" skipped="0">
  <testcase classname="com.itg.training.lancome.FirstSeleniumTest" name="verifyLogo" time="0.123"/>
  <testcase classname="com.itg.training.lancome.FirstSeleniumTest" name="clickAccountIconAndVerifyWelcome" time="3.449"/>
</testsuite> <!-- com.itg.training.lancome.FirstSeleniumTest -->
